#
# There is insufficient memory for the Java Runtime Environment to continue.
# Native memory allocation (mmap) failed to map 41943040 bytes for committing reserved memory.
# Possible reasons:
#   The system is out of physical RAM or swap space
#   In 32 bit mode, the process size limit was hit
# Possible solutions:
#   Reduce memory load on the system
#   Increase physical memory or swap space
#   Check if swap backing store is full
#   Use 64 bit Java on a 64 bit OS
#   Decrease Java heap size (-Xmx/-Xms)
#   Decrease number of Java threads
#   Decrease Java thread stack sizes (-Xss)
#   Set larger code cache with -XX:ReservedCodeCacheSize=
# This output file may be truncated or incomplete.
#
#  Out of Memory Error (os_linux.cpp:2627), pid=14401, tid=140242259212032
#
# JRE version:  (8.0_77-b03) (build )
# Java VM: Java HotSpot(TM) 64-Bit Server VM (25.77-b03 mixed mode linux-amd64 compressed oops)
# Failed to write core dump. Core dumps have been disabled. To enable core dumping, try "ulimit -c unlimited" before starting Java again
#

---------------  T H R E A D  ---------------

Current thread (0x00007f8cac00a000):  JavaThread "Unknown thread" [_thread_in_vm, id=14404, stack(0x00007f8cb1faf000,0x00007f8cb20b0000)]

Stack: [0x00007f8cb1faf000,0x00007f8cb20b0000],  sp=0x00007f8cb20ae370,  free space=1020k
Native frames: (J=compiled Java code, j=interpreted, Vv=VM code, C=native code)
V  [libjvm.so+0xaba7ea]  VMError::report_and_die()+0x2ba
V  [libjvm.so+0x4f9e3b]  report_vm_out_of_memory(char const*, int, unsigned long, VMErrorType, char const*)+0x8b
V  [libjvm.so+0x91b613]  os::Linux::commit_memory_impl(char*, unsigned long, bool)+0x103
V  [libjvm.so+0x91bb69]  os::pd_commit_memory(char*, unsigned long, unsigned long, bool)+0x29
V  [libjvm.so+0x915e6a]  os::commit_memory(char*, unsigned long, unsigned long, bool)+0x2a
V  [libjvm.so+0x989543]  PSVirtualSpace::expand_by(unsigned long)+0x53
V  [libjvm.so+0x979687]  PSOldGen::initialize(ReservedSpace, unsigned long, char const*, int)+0xb7
V  [libjvm.so+0x2d827a]  AdjoiningGenerations::AdjoiningGenerations(ReservedSpace, GenerationSizer*, unsigned long)+0x39a
V  [libjvm.so+0x93e9c6]  ParallelScavengeHeap::initialize()+0x1d6
V  [libjvm.so+0xa8301b]  Universe::initialize_heap()+0xfb
V  [libjvm.so+0xa8338e]  universe_init()+0x3e
V  [libjvm.so+0x6392c5]  init_globals()+0x65
V  [libjvm.so+0xa6758e]  Threads::create_vm(JavaVMInitArgs*, bool*)+0x23e
V  [libjvm.so+0x6cd7e4]  JNI_CreateJavaVM+0x74
C  [libjli.so+0x745e]  JavaMain+0x9e
C  [libpthread.so.0+0x8182]  start_thread+0xc2


---------------  P R O C E S S  ---------------

Java Threads: ( => current thread )

Other Threads:

=>0x00007f8cac00a000 (exited) JavaThread "Unknown thread" [_thread_in_vm, id=14404, stack(0x00007f8cb1faf000,0x00007f8cb20b0000)]

VM state:not at safepoint (not fully initialized)

VM Mutex/Monitor currently owned by a thread: None

GC Heap History (0 events):
No events

Deoptimization events (0 events):
No events

Internal exceptions (0 events):
No events

Events (0 events):
No events


Dynamic libraries:
00400000-00401000 r-xp 00000000 08:05 1206416                            /usr/lib/jvm/java-8-oracle/jre/bin/java
00600000-00601000 rw-p 00000000 08:05 1206416                            /usr/lib/jvm/java-8-oracle/jre/bin/java
01a30000-01a51000 rw-p 00000000 00:00 0                                  [heap]
c6a00000-ec100000 ---p 00000000 00:00 0 
ec100000-ed500000 rw-p 00000000 00:00 0 
ed500000-100000000 ---p 00000000 00:00 0 
7f8c9b830000-7f8c9b9c6000 rw-p 00000000 00:00 0 
7f8c9b9c6000-7f8c9bb05000 ---p 00000000 00:00 0 
7f8c9bb05000-7f8c9bb10000 rw-p 00000000 00:00 0 
7f8c9bb10000-7f8c9bba5000 ---p 00000000 00:00 0 
7f8c9bba5000-7f8c9bbb0000 rw-p 00000000 00:00 0 
7f8c9bbb0000-7f8c9bf66000 ---p 00000000 00:00 0 
7f8c9bf66000-7f8c9c1d6000 rwxp 00000000 00:00 0 
7f8c9c1d6000-7f8caaf66000 ---p 00000000 00:00 0 
7f8caaf66000-7f8caaf80000 r-xp 00000000 08:05 1204697                    /usr/lib/jvm/java-8-oracle/jre/lib/amd64/libzip.so
7f8caaf80000-7f8cab180000 ---p 0001a000 08:05 1204697                    /usr/lib/jvm/java-8-oracle/jre/lib/amd64/libzip.so
7f8cab180000-7f8cab181000 rw-p 0001a000 08:05 1204697                    /usr/lib/jvm/java-8-oracle/jre/lib/amd64/libzip.so
7f8cab181000-7f8cab18c000 r-xp 00000000 08:05 1701772                    /lib/x86_64-linux-gnu/libnss_files-2.19.so
7f8cab18c000-7f8cab38b000 ---p 0000b000 08:05 1701772                    /lib/x86_64-linux-gnu/libnss_files-2.19.so
7f8cab38b000-7f8cab38c000 r--p 0000a000 08:05 1701772                    /lib/x86_64-linux-gnu/libnss_files-2.19.so
7f8cab38c000-7f8cab38d000 rw-p 0000b000 08:05 1701772                    /lib/x86_64-linux-gnu/libnss_files-2.19.so
7f8cab38d000-7f8cab398000 r-xp 00000000 08:05 1701735                    /lib/x86_64-linux-gnu/libnss_nis-2.19.so
7f8cab398000-7f8cab597000 ---p 0000b000 08:05 1701735                    /lib/x86_64-linux-gnu/libnss_nis-2.19.so
7f8cab597000-7f8cab598000 r--p 0000a000 08:05 1701735                    /lib/x86_64-linux-gnu/libnss_nis-2.19.so
7f8cab598000-7f8cab599000 rw-p 0000b000 08:05 1701735                    /lib/x86_64-linux-gnu/libnss_nis-2.19.so
7f8cab599000-7f8cab5b0000 r-xp 00000000 08:05 1701725                    /lib/x86_64-linux-gnu/libnsl-2.19.so
7f8cab5b0000-7f8cab7af000 ---p 00017000 08:05 1701725                    /lib/x86_64-linux-gnu/libnsl-2.19.so
7f8cab7af000-7f8cab7b0000 r--p 00016000 08:05 1701725                    /lib/x86_64-linux-gnu/libnsl-2.19.so
7f8cab7b0000-7f8cab7b1000 rw-p 00017000 08:05 1701725                    /lib/x86_64-linux-gnu/libnsl-2.19.so
7f8cab7b1000-7f8cab7b3000 rw-p 00000000 00:00 0 
7f8cab7b3000-7f8cab7bc000 r-xp 00000000 08:05 1701719                    /lib/x86_64-linux-gnu/libnss_compat-2.19.so
7f8cab7bc000-7f8cab9bb000 ---p 00009000 08:05 1701719                    /lib/x86_64-linux-gnu/libnss_compat-2.19.so
7f8cab9bb000-7f8cab9bc000 r--p 00008000 08:05 1701719                    /lib/x86_64-linux-gnu/libnss_compat-2.19.so
7f8cab9bc000-7f8cab9bd000 rw-p 00009000 08:05 1701719                    /lib/x86_64-linux-gnu/libnss_compat-2.19.so
7f8cab9bd000-7f8cab9e7000 r-xp 00000000 08:05 1204703                    /usr/lib/jvm/java-8-oracle/jre/lib/amd64/libjava.so
7f8cab9e7000-7f8cabbe7000 ---p 0002a000 08:05 1204703                    /usr/lib/jvm/java-8-oracle/jre/lib/amd64/libjava.so
7f8cabbe7000-7f8cabbe9000 rw-p 0002a000 08:05 1204703                    /usr/lib/jvm/java-8-oracle/jre/lib/amd64/libjava.so
7f8cabbe9000-7f8cabbf6000 r-xp 00000000 08:05 1204666                    /usr/lib/jvm/java-8-oracle/jre/lib/amd64/libverify.so
7f8cabbf6000-7f8cabdf6000 ---p 0000d000 08:05 1204666                    /usr/lib/jvm/java-8-oracle/jre/lib/amd64/libverify.so
7f8cabdf6000-7f8cabdf8000 rw-p 0000d000 08:05 1204666                    /usr/lib/jvm/java-8-oracle/jre/lib/amd64/libverify.so
7f8cabdf8000-7f8cabdff000 r-xp 00000000 08:05 1701760                    /lib/x86_64-linux-gnu/librt-2.19.so
7f8cabdff000-7f8cabffe000 ---p 00007000 08:05 1701760                    /lib/x86_64-linux-gnu/librt-2.19.so
7f8cabffe000-7f8cabfff000 r--p 00006000 08:05 1701760                    /lib/x86_64-linux-gnu/librt-2.19.so
7f8cabfff000-7f8cac000000 rw-p 00007000 08:05 1701760                    /lib/x86_64-linux-gnu/librt-2.19.so
7f8cac000000-7f8cac032000 rw-p 00000000 00:00 0 
7f8cac032000-7f8cb0000000 ---p 00000000 00:00 0 
7f8cb00e9000-7f8cb01d8000 rw-p 00000000 00:00 0 
7f8cb01d8000-7f8cb02dd000 r-xp 00000000 08:05 1701710                    /lib/x86_64-linux-gnu/libm-2.19.so
7f8cb02dd000-7f8cb04dc000 ---p 00105000 08:05 1701710                    /lib/x86_64-linux-gnu/libm-2.19.so
7f8cb04dc000-7f8cb04dd000 r--p 00104000 08:05 1701710                    /lib/x86_64-linux-gnu/libm-2.19.so
7f8cb04dd000-7f8cb04de000 rw-p 00105000 08:05 1701710                    /lib/x86_64-linux-gnu/libm-2.19.so
7f8cb04de000-7f8cb119d000 r-xp 00000000 08:05 1204660                    /usr/lib/jvm/java-8-oracle/jre/lib/amd64/server/libjvm.so
7f8cb119d000-7f8cb139c000 ---p 00cbf000 08:05 1204660                    /usr/lib/jvm/java-8-oracle/jre/lib/amd64/server/libjvm.so
7f8cb139c000-7f8cb1475000 rw-p 00cbe000 08:05 1204660                    /usr/lib/jvm/java-8-oracle/jre/lib/amd64/server/libjvm.so
7f8cb1475000-7f8cb14be000 rw-p 00000000 00:00 0 
7f8cb14be000-7f8cb1679000 r-xp 00000000 08:05 1701761                    /lib/x86_64-linux-gnu/libc-2.19.so
7f8cb1679000-7f8cb1878000 ---p 001bb000 08:05 1701761                    /lib/x86_64-linux-gnu/libc-2.19.so
7f8cb1878000-7f8cb187c000 r--p 001ba000 08:05 1701761                    /lib/x86_64-linux-gnu/libc-2.19.so
7f8cb187c000-7f8cb187e000 rw-p 001be000 08:05 1701761                    /lib/x86_64-linux-gnu/libc-2.19.so
7f8cb187e000-7f8cb1883000 rw-p 00000000 00:00 0 
7f8cb1883000-7f8cb1886000 r-xp 00000000 08:05 1701712                    /lib/x86_64-linux-gnu/libdl-2.19.so
7f8cb1886000-7f8cb1a85000 ---p 00003000 08:05 1701712                    /lib/x86_64-linux-gnu/libdl-2.19.so
7f8cb1a85000-7f8cb1a86000 r--p 00002000 08:05 1701712                    /lib/x86_64-linux-gnu/libdl-2.19.so
7f8cb1a86000-7f8cb1a87000 rw-p 00003000 08:05 1701712                    /lib/x86_64-linux-gnu/libdl-2.19.so
7f8cb1a87000-7f8cb1a9c000 r-xp 00000000 08:05 1204692                    /usr/lib/jvm/java-8-oracle/jre/lib/amd64/jli/libjli.so
7f8cb1a9c000-7f8cb1c9c000 ---p 00015000 08:05 1204692                    /usr/lib/jvm/java-8-oracle/jre/lib/amd64/jli/libjli.so
7f8cb1c9c000-7f8cb1c9d000 rw-p 00015000 08:05 1204692                    /usr/lib/jvm/java-8-oracle/jre/lib/amd64/jli/libjli.so
7f8cb1c9d000-7f8cb1cb6000 r-xp 00000000 08:05 1701726                    /lib/x86_64-linux-gnu/libpthread-2.19.so
7f8cb1cb6000-7f8cb1eb5000 ---p 00019000 08:05 1701726                    /lib/x86_64-linux-gnu/libpthread-2.19.so
7f8cb1eb5000-7f8cb1eb6000 r--p 00018000 08:05 1701726                    /lib/x86_64-linux-gnu/libpthread-2.19.so
7f8cb1eb6000-7f8cb1eb7000 rw-p 00019000 08:05 1701726                    /lib/x86_64-linux-gnu/libpthread-2.19.so
7f8cb1eb7000-7f8cb1ebb000 rw-p 00000000 00:00 0 
7f8cb1ebb000-7f8cb1ede000 r-xp 00000000 08:05 1701731                    /lib/x86_64-linux-gnu/ld-2.19.so
7f8cb1faf000-7f8cb1fb2000 ---p 00000000 00:00 0 
7f8cb1fb2000-7f8cb20b4000 rw-p 00000000 00:00 0                          [stack:14404]
7f8cb20ce000-7f8cb20d1000 rw-p 00000000 00:00 0 
7f8cb20d1000-7f8cb20d9000 rw-s 00000000 08:05 1738180                    /tmp/hsperfdata_petr/14401
7f8cb20d9000-7f8cb20da000 rw-p 00000000 00:00 0 
7f8cb20da000-7f8cb20db000 r--p 00000000 00:00 0 
7f8cb20db000-7f8cb20dd000 rw-p 00000000 00:00 0 
7f8cb20dd000-7f8cb20de000 r--p 00022000 08:05 1701731                    /lib/x86_64-linux-gnu/ld-2.19.so
7f8cb20de000-7f8cb20df000 rw-p 00023000 08:05 1701731                    /lib/x86_64-linux-gnu/ld-2.19.so
7f8cb20df000-7f8cb20e0000 rw-p 00000000 00:00 0 
7ffe9dfd4000-7ffe9dff5000 rw-p 00000000 00:00 0                          [stack]
7ffe9dff7000-7ffe9dff9000 r--p 00000000 00:00 0                          [vvar]
7ffe9dff9000-7ffe9dffb000 r-xp 00000000 00:00 0                          [vdso]
ffffffffff600000-ffffffffff601000 r-xp 00000000 00:00 0                  [vsyscall]

VM Arguments:
java_command: /home/petr/Plocha/fit-pdb16-xstejs24/target/surefire/surefirebooter6787579976393521743.jar /home/petr/Plocha/fit-pdb16-xstejs24/target/surefire/surefire6492644378845051683tmp /home/petr/Plocha/fit-pdb16-xstejs24/target/surefire/surefire2743436588598383059tmp
java_class_path (initial): /home/petr/Plocha/fit-pdb16-xstejs24/target/surefire/surefirebooter6787579976393521743.jar
Launcher Type: SUN_STANDARD

Environment Variables:
JAVA_HOME=/usr/lib/jvm/java-8-oracle
PATH=/usr/local/sbin:/usr/local/bin:/usr/sbin:/usr/bin:/sbin:/bin:/usr/games:/usr/local/games:/usr/lib/jvm/java-8-oracle/bin:/usr/lib/jvm/java-8-oracle/db/bin:/usr/lib/jvm/java-8-oracle/jre/bin
USERNAME=petr
LD_LIBRARY_PATH=/usr/lib/jvm/java-8-oracle/jre/lib/amd64:/usr/lib/jvm/java-8-oracle/jre/lib/i386:
SHELL=/bin/bash
DISPLAY=:0.0

Signal Handlers:
SIGSEGV: [libjvm.so+0xabb070], sa_mask[0]=11111111011111111101111111111110, sa_flags=SA_RESTART|SA_SIGINFO
SIGBUS: [libjvm.so+0xabb070], sa_mask[0]=11111111011111111101111111111110, sa_flags=SA_RESTART|SA_SIGINFO
SIGFPE: [libjvm.so+0x918480], sa_mask[0]=11111111011111111101111111111110, sa_flags=SA_RESTART|SA_SIGINFO
SIGPIPE: [libjvm.so+0x918480], sa_mask[0]=11111111011111111101111111111110, sa_flags=SA_RESTART|SA_SIGINFO
SIGXFSZ: [libjvm.so+0x918480], sa_mask[0]=11111111011111111101111111111110, sa_flags=SA_RESTART|SA_SIGINFO
SIGILL: [libjvm.so+0x918480], sa_mask[0]=11111111011111111101111111111110, sa_flags=SA_RESTART|SA_SIGINFO
SIGUSR1: SIG_DFL, sa_mask[0]=00000000000000000000000000000000, sa_flags=none
SIGUSR2: [libjvm.so+0x919ab0], sa_mask[0]=00100000000000000000000000000000, sa_flags=SA_RESTART|SA_SIGINFO
SIGHUP: SIG_DFL, sa_mask[0]=00000000000000000000000000000000, sa_flags=none
SIGINT: SIG_IGN, sa_mask[0]=00000000000000000000000000000000, sa_flags=none
SIGTERM: SIG_DFL, sa_mask[0]=00000000000000000000000000000000, sa_flags=none
SIGQUIT: SIG_DFL, sa_mask[0]=00000000000000000000000000000000, sa_flags=none


---------------  S Y S T E M  ---------------

OS:DISTRIB_ID=LinuxMint
DISTRIB_RELEASE=17.3
DISTRIB_CODENAME=rosa
DISTRIB_DESCRIPTION="Linux Mint 17.3 Rosa"

uname:Linux 3.19.0-32-generic #37~14.04.1-Ubuntu SMP Thu Oct 22 09:41:40 UTC 2015 x86_64
libc:glibc 2.19 NPTL 2.19 
rlimit: STACK 8192k, CORE 0k, NPROC 15179, NOFILE 4096, AS infinity
load average:22.82 15.92 7.23

/proc/meminfo:
MemTotal:        3917992 kB
MemFree:           96644 kB
MemAvailable:      42120 kB
Buffers:            1184 kB
Cached:           337340 kB
SwapCached:            0 kB
Active:          3391236 kB
Inactive:         295548 kB
Active(anon):    3379336 kB
Inactive(anon):   278868 kB
Active(file):      11900 kB
Inactive(file):    16680 kB
Unevictable:          48 kB
Mlocked:              48 kB
SwapTotal:             0 kB
SwapFree:              0 kB
Dirty:               164 kB
Writeback:             0 kB
AnonPages:       3348716 kB
Mapped:           118044 kB
Shmem:            309536 kB
Slab:              60596 kB
SReclaimable:      31296 kB
SUnreclaim:        29300 kB
KernelStack:        9920 kB
PageTables:        31968 kB
NFS_Unstable:          0 kB
Bounce:                0 kB
WritebackTmp:          0 kB
CommitLimit:     1958996 kB
Committed_AS:    6384084 kB
VmallocTotal:   34359738367 kB
VmallocUsed:      347596 kB
VmallocChunk:   34359361112 kB
HardwareCorrupted:     0 kB
AnonHugePages:   1449984 kB
CmaTotal:              0 kB
CmaFree:               0 kB
HugePages_Total:       0
HugePages_Free:        0
HugePages_Rsvd:        0
HugePages_Surp:        0
Hugepagesize:       2048 kB
DirectMap4k:      106760 kB
DirectMap2M:     3958784 kB


CPU:total 2 (2 cores per cpu, 1 threads per core) family 6 model 58 stepping 9, cmov, cx8, fxsr, mmx, sse, sse2, sse3, ssse3, sse4.1, sse4.2, popcnt, clmul, erms, tsc, tscinvbit, tscinv

/proc/cpuinfo:
processor	: 0
vendor_id	: GenuineIntel
cpu family	: 6
model		: 58
model name	: Intel(R) Pentium(R) CPU 2117U @ 1.80GHz
stepping	: 9
microcode	: 0x17
cpu MHz		: 824.273
cache size	: 2048 KB
physical id	: 0
siblings	: 2
core id		: 0
cpu cores	: 2
apicid		: 0
initial apicid	: 0
fpu		: yes
fpu_exception	: yes
cpuid level	: 13
wp		: yes
flags		: fpu vme de pse tsc msr pae mce cx8 apic sep mtrr pge mca cmov pat pse36 clflush dts acpi mmx fxsr sse sse2 ss ht tm pbe syscall nx rdtscp lm constant_tsc arch_perfmon pebs bts rep_good nopl xtopology nonstop_tsc aperfmperf eagerfpu pni pclmulqdq dtes64 monitor ds_cpl vmx est tm2 ssse3 cx16 xtpr pdcm pcid sse4_1 sse4_2 x2apic popcnt tsc_deadline_timer xsave lahf_lm arat epb pln pts dtherm tpr_shadow vnmi flexpriority ept vpid fsgsbase smep erms xsaveopt
bugs		:
bogomips	: 3591.47
clflush size	: 64
cache_alignment	: 64
address sizes	: 36 bits physical, 48 bits virtual
power management:

processor	: 1
vendor_id	: GenuineIntel
cpu family	: 6
model		: 58
model name	: Intel(R) Pentium(R) CPU 2117U @ 1.80GHz
stepping	: 9
microcode	: 0x17
cpu MHz		: 872.507
cache size	: 2048 KB
physical id	: 0
siblings	: 2
core id		: 1
cpu cores	: 2
apicid		: 2
initial apicid	: 2
fpu		: yes
fpu_exception	: yes
cpuid level	: 13
wp		: yes
flags		: fpu vme de pse tsc msr pae mce cx8 apic sep mtrr pge mca cmov pat pse36 clflush dts acpi mmx fxsr sse sse2 ss ht tm pbe syscall nx rdtscp lm constant_tsc arch_perfmon pebs bts rep_good nopl xtopology nonstop_tsc aperfmperf eagerfpu pni pclmulqdq dtes64 monitor ds_cpl vmx est tm2 ssse3 cx16 xtpr pdcm pcid sse4_1 sse4_2 x2apic popcnt tsc_deadline_timer xsave lahf_lm arat epb pln pts dtherm tpr_shadow vnmi flexpriority ept vpid fsgsbase smep erms xsaveopt
bugs		:
bogomips	: 3591.47
clflush size	: 64
cache_alignment	: 64
address sizes	: 36 bits physical, 48 bits virtual
power management:



Memory: 4k page, physical 3917992k(96644k free), swap 0k(0k free)

vm_info: Java HotSpot(TM) 64-Bit Server VM (25.77-b03) for linux-amd64 JRE (1.8.0_77-b03), built on Mar 20 2016 22:00:46 by "java_re" with gcc 4.3.0 20080428 (Red Hat 4.3.0-8)

time: Fri Dec  2 02:04:03 2016
elapsed time: 23 seconds (0d 0h 0m 23s)

